<?xml version="1.0" encoding="UTF-8"?>
<!-- Generated by org.testng.reporters.JUnitXMLReporter -->
<testsuite ignored="4" hostname="Naveens-MacBook-Air.local" failures="0" tests="2" name="Default test" time="18.083" errors="0" timestamp="2026-01-30T15:17:04 MST">
  <testcase classname="naveennarayananacademy.tests.StandAloneTest" name="completeRegistration" time="2.93"/>
  <testcase classname="naveennarayananacademy.tests.StandAloneTest" name="completeRegistration" time="4.383"/>
  <testcase classname="naveennarayananacademy.tests.StandAloneTest" name="validateProductOnConfirmationPage_with_JSON" time="0.0">
    <ignored/>
  </testcase> <!-- validateProductOnConfirmationPage_with_JSON -->
  <testcase classname="naveennarayananacademy.tests.StandAloneTest" name="validateProductOnConfirmationPage" time="0.0">
    <ignored/>
  </testcase> <!-- validateProductOnConfirmationPage -->
  <testcase classname="naveennarayananacademy.tests.StandAloneTest" name="submitTest" time="0.0">
    <ignored/>
  </testcase> <!-- submitTest -->
  <testcase classname="naveennarayananacademy.tests.StandAloneTest" name="incorrectLogin" time="0.0">
    <ignored/>
  </testcase> <!-- incorrectLogin -->
</testsuite> <!-- Default test -->
