<?xml version="1.0" encoding="UTF-8"?>
<!-- Generated by org.testng.reporters.JUnitXMLReporter -->
<testsuite ignored="5" hostname="Naveens-MacBook-Air.local" failures="0" tests="1" name="Default test" time="9.149" errors="0" timestamp="2026-03-10T17:05:00 MDT">
  <testcase classname="naveennarayananacademy.tests.StandAloneTest" name="validateProductOnConfirmationPage_with_JSON_Regression" time="0.462"/>
  <testcase classname="naveennarayananacademy.tests.StandAloneTest" name="submitTest" time="0.0">
    <ignored/>
  </testcase> <!-- submitTest -->
  <testcase classname="naveennarayananacademy.tests.StandAloneTest" name="validateProductOnConfirmationPage" time="0.0">
    <ignored/>
  </testcase> <!-- validateProductOnConfirmationPage -->
  <testcase classname="naveennarayananacademy.tests.StandAloneTest" name="validateProductOnConfirmationPage_with_JSON" time="0.0">
    <ignored/>
  </testcase> <!-- validateProductOnConfirmationPage_with_JSON -->
  <testcase classname="naveennarayananacademy.tests.StandAloneTest" name="incorrectLogin" time="0.0">
    <ignored/>
  </testcase> <!-- incorrectLogin -->
  <testcase classname="naveennarayananacademy.tests.StandAloneTest" name="completeRegistration" time="0.0">
    <ignored/>
  </testcase> <!-- completeRegistration -->
</testsuite> <!-- Default test -->
