<?xml version="1.0" encoding="UTF-8"?>
<!-- Generated by org.testng.reporters.JUnitXMLReporter -->
<testsuite ignored="3" hostname="Naveens-MacBook-Air.local" failures="0" tests="2" name="Complete Tests" time="0.119" errors="0" timestamp="2026-01-10T02:03:03 MST">
  <testcase classname="naveennarayananacademy.testComponents.BaseTests" name="@BeforeMethod launchApplication" time="0.005">
    <failure type="java.lang.NullPointerException" message="Cannot invoke &amp;quot;String.equalsIgnoreCase(String)&amp;quot; because &amp;quot;chromeMode&amp;quot; is null">
      <![CDATA[java.lang.NullPointerException: Cannot invoke "String.equalsIgnoreCase(String)" because "chromeMode" is null
at naveennarayananacademy.testComponents.BaseTests.initializeDriver(BaseTests.java:54)
at naveennarayananacademy.testComponents.BaseTests.launchApplication(BaseTests.java:79)
at java.base/java.util.ArrayList.forEach(ArrayList.java:1511)
... Removed 31 stack frames]]>
    </failure>
  </testcase> <!-- @BeforeMethod launchApplication -->
  <testcase classname="naveennarayananacademy.testComponents.BaseTests" name="@AfterMethod quitDriver" time="0.0">
    <failure type="java.lang.NullPointerException" message="Cannot invoke &amp;quot;org.openqa.selenium.WebDriver.quit()&amp;quot; because the return value of &amp;quot;naveennarayananacademy.testComponents.BaseTests.getDriver()&amp;quot; is null">
      <![CDATA[java.lang.NullPointerException: Cannot invoke "org.openqa.selenium.WebDriver.quit()" because the return value of "naveennarayananacademy.testComponents.BaseTests.getDriver()" is null
at naveennarayananacademy.testComponents.BaseTests.quitDriver(BaseTests.java:86)
at java.base/java.util.ArrayList.forEach(ArrayList.java:1511)
... Removed 32 stack frames]]>
    </failure>
  </testcase> <!-- @AfterMethod quitDriver -->
  <testcase classname="naveennarayananacademy.testComponents.BaseTests" name="@BeforeMethod launchApplication" time="0.001">
    <failure type="java.lang.NullPointerException" message="Cannot invoke &amp;quot;String.equalsIgnoreCase(String)&amp;quot; because &amp;quot;chromeMode&amp;quot; is null">
      <![CDATA[java.lang.NullPointerException: Cannot invoke "String.equalsIgnoreCase(String)" because "chromeMode" is null
at naveennarayananacademy.testComponents.BaseTests.initializeDriver(BaseTests.java:54)
at naveennarayananacademy.testComponents.BaseTests.launchApplication(BaseTests.java:79)
at java.base/java.util.ArrayList.forEach(ArrayList.java:1511)
... Removed 31 stack frames]]>
    </failure>
  </testcase> <!-- @BeforeMethod launchApplication -->
  <testcase classname="naveennarayananacademy.testComponents.BaseTests" name="@AfterMethod quitDriver" time="0.0">
    <failure type="java.lang.NullPointerException" message="Cannot invoke &amp;quot;org.openqa.selenium.WebDriver.quit()&amp;quot; because the return value of &amp;quot;naveennarayananacademy.testComponents.BaseTests.getDriver()&amp;quot; is null">
      <![CDATA[java.lang.NullPointerException: Cannot invoke "org.openqa.selenium.WebDriver.quit()" because the return value of "naveennarayananacademy.testComponents.BaseTests.getDriver()" is null
at naveennarayananacademy.testComponents.BaseTests.quitDriver(BaseTests.java:86)
at java.base/java.util.ArrayList.forEach(ArrayList.java:1511)
... Removed 32 stack frames]]>
    </failure>
  </testcase> <!-- @AfterMethod quitDriver -->
  <testcase classname="naveennarayananacademy.tests.StandAloneTest" name="validateProductOnConfirmationPage_with_JSON" time="0.0">
    <skipped/>
  </testcase> <!-- validateProductOnConfirmationPage_with_JSON -->
  <testcase classname="naveennarayananacademy.tests.StandAloneTest" name="validateProductOnConfirmationPage_with_JSON" time="0.001">
    <skipped/>
  </testcase> <!-- validateProductOnConfirmationPage_with_JSON -->
  <testcase classname="naveennarayananacademy.tests.StandAloneTest" name="submitTest" time="0.0">
    <ignored/>
  </testcase> <!-- submitTest -->
  <testcase classname="naveennarayananacademy.tests.StandAloneTest" name="incorrectLogin" time="0.0">
    <ignored/>
  </testcase> <!-- incorrectLogin -->
  <testcase classname="naveennarayananacademy.tests.StandAloneTest" name="validateProductOnConfirmationPage" time="0.0">
    <ignored/>
  </testcase> <!-- validateProductOnConfirmationPage -->
</testsuite> <!-- Complete Tests -->
