<?xml version="1.0" encoding="UTF-8"?>
<!-- Generated by org.testng.reporters.JUnitXMLReporter -->
<testsuite ignored="1" hostname="Naveens-MacBook-Air.local" failures="0" tests="2" name="E2E Tests" time="24.469" errors="0" timestamp="2026-01-05T23:33:09 MST">
  <testcase classname="naveennarayananacademy.tests.StandAloneTest" name="submitTest" time="7.222"/>
  <testcase classname="naveennarayananacademy.tests.StandAloneTest" name="validateProductOnConfirmationPage" time="9.663"/>
  <testcase classname="naveennarayananacademy.tests.StandAloneTest" name="incorrectLogin" time="0.0">
    <ignored/>
  </testcase> <!-- incorrectLogin -->
</testsuite> <!-- E2E Tests -->
