<?xml version="1.0" encoding="UTF-8"?>
<!-- Generated by org.testng.reporters.JUnitXMLReporter -->
<testsuite ignored="1" hostname="Naveens-MacBook-Air.local" failures="0" tests="3" name="E2E" time="11.225" errors="0" timestamp="2026-01-19T20:57:47 MST">
  <testcase classname="naveennarayananacademy.tests.StandAloneTest" name="incorrectLogin" time="0.85"/>
  <testcase classname="naveennarayananacademy.tests.StandAloneTest" name="validateProductOnConfirmationPage" time="7.437"/>
  <testcase classname="naveennarayananacademy.tests.StandAloneTest" name="validateProductOnConfirmationPage_with_JSON" time="5.028"/>
  <testcase classname="naveennarayananacademy.tests.StandAloneTest" name="submitTest" time="0.0">
    <ignored/>
  </testcase> <!-- submitTest -->
</testsuite> <!-- E2E -->
