<?xml version="1.0" encoding="UTF-8"?>
<!-- Generated by org.testng.reporters.JUnitXMLReporter -->
<testsuite ignored="1" hostname="Naveens-MacBook-Air.local" failures="0" tests="3" name="E2E_Edge" time="10.849" errors="0" timestamp="2026-01-21T22:40:59 MST">
  <testcase classname="naveennarayananacademy.tests.StandAloneTest" name="incorrectLogin" time="0.76"/>
  <testcase classname="naveennarayananacademy.tests.StandAloneTest" name="validateProductOnConfirmationPage" time="4.802"/>
  <testcase classname="naveennarayananacademy.tests.StandAloneTest" name="validateProductOnConfirmationPage_with_JSON" time="4.725"/>
  <testcase classname="naveennarayananacademy.tests.StandAloneTest" name="submitTest" time="0.0">
    <ignored/>
  </testcase> <!-- submitTest -->
</testsuite> <!-- E2E_Edge -->
