<?xml version="1.0" encoding="UTF-8"?>
<!-- Generated by org.testng.reporters.JUnitXMLReporter -->
<testsuite ignored="1" hostname="Naveens-MacBook-Air.local" failures="0" tests="3" name="E2E_Edge" time="10.035" errors="0" timestamp="2026-01-19T20:59:03 MST">
  <testcase classname="naveennarayananacademy.tests.StandAloneTest" name="incorrectLogin" time="0.767"/>
  <testcase classname="naveennarayananacademy.tests.StandAloneTest" name="validateProductOnConfirmationPage_with_JSON" time="6.789"/>
  <testcase classname="naveennarayananacademy.tests.StandAloneTest" name="validateProductOnConfirmationPage" time="4.582"/>
  <testcase classname="naveennarayananacademy.tests.StandAloneTest" name="submitTest" time="0.0">
    <ignored/>
  </testcase> <!-- submitTest -->
</testsuite> <!-- E2E_Edge -->
