<?xml version="1.0" encoding="UTF-8"?>
<!-- Generated by org.testng.reporters.JUnitXMLReporter -->
<testsuite ignored="2" hostname="Naveens-MacBook-Air.local" failures="0" tests="1" name="Error Messages" time="5.992" errors="0" timestamp="2026-01-05T23:32:50 MST">
  <testcase classname="naveennarayananacademy.tests.StandAloneTest" name="incorrectLogin" time="0.665"/>
  <testcase classname="naveennarayananacademy.tests.StandAloneTest" name="validateProductOnConfirmationPage" time="0.0">
    <ignored/>
  </testcase> <!-- validateProductOnConfirmationPage -->
  <testcase classname="naveennarayananacademy.tests.StandAloneTest" name="submitTest" time="0.0">
    <ignored/>
  </testcase> <!-- submitTest -->
</testsuite> <!-- Error Messages -->
