<?xml version="1.0" encoding="UTF-8"?>
<!-- Generated by org.testng.reporters.JUnitXMLReporter -->
<testsuite ignored="3" hostname="Naveens-MacBook-Air.local" failures="0" tests="1" name="Error Validation" time="9.157" errors="0" timestamp="2026-01-18T19:53:39 MST">
  <testcase classname="naveennarayananacademy.tests.StandAloneTest" name="incorrectLogin" time="0.702"/>
  <testcase classname="naveennarayananacademy.tests.StandAloneTest" name="submitTest" time="0.0">
    <ignored/>
  </testcase> <!-- submitTest -->
  <testcase classname="naveennarayananacademy.tests.StandAloneTest" name="validateProductOnConfirmationPage" time="0.0">
    <ignored/>
  </testcase> <!-- validateProductOnConfirmationPage -->
  <testcase classname="naveennarayananacademy.tests.StandAloneTest" name="validateProductOnConfirmationPage_with_JSON" time="0.0">
    <ignored/>
  </testcase> <!-- validateProductOnConfirmationPage_with_JSON -->
</testsuite> <!-- Error Validation -->
