<!DOCTYPE html PUBLIC "-//W3C//DTD XHTML 1.1//EN" "https://www.w3.org/TR/xhtml11/DTD/xhtml11.dtd">
<html xmlns="https://www.w3.org/1999/xhtml">
<head>
<meta http-equiv="content-type" content="text/html; charset=UTF-8"/>
<title>TestNG Report</title>
<style type="text/css">table {margin-bottom:10px;border-collapse:collapse;empty-cells:show}th,td {border:1px solid #009;padding:.25em .5em}th {vertical-align:bottom}td {vertical-align:top}table a {font-weight:bold}.stripe td {background-color: #E6EBF9}.num {text-align:right}.passedodd td {background-color: #3F3}.passedeven td {background-color: #0A0}.skippedodd td {background-color: #DDD}.skippedeven td {background-color: #CCC}.failedodd td,.attn {background-color: #F33}.failedeven td,.stripe .attn {background-color: #D00}.stacktrace {white-space:pre;font-family:monospace}.totop {font-size:85%;text-align:center;border-bottom:2px solid #000}.invisible {display:none}</style>
</head>
<body>
<table>
<tr><th>Test</th><th># Passed</th><th># Skipped</th><th># Retried</th><th># Failed</th><th>Time (ms)</th><th>Included Groups</th><th>Excluded Groups</th></tr>
<tr><th colspan="8">Suite</th></tr>
<tr><td><a href="#t0">E2E</a></td><td class="num">3</td><td class="num">0</td><td class="num">0</td><td class="num">0</td><td class="num">11,225</td><td></td><td></td></tr>
<tr class="stripe"><td><a href="#t1">Error Validation</a></td><td class="num">1</td><td class="num">0</td><td class="num">0</td><td class="num">0</td><td class="num">20,385</td><td></td><td></td></tr>
<tr><td><a href="#t2">Confirmation Page</a></td><td class="num">3</td><td class="num">0</td><td class="num attn">2</td><td class="num">0</td><td class="num">45,134</td><td></td><td></td></tr>
<tr class="stripe"><td><a href="#t3">E2E_Edge</a></td><td class="num">3</td><td class="num">0</td><td class="num">0</td><td class="num">0</td><td class="num">10,035</td><td></td><td></td></tr>
<tr><th>Total</th><th class="num">10</th><th class="num">0</th><th class="num attn">2</th><th class="num">0</th><th class="num">86,779</th><th colspan="2"></th></tr>
</table>
<table id='summary'><thead><tr><th>Class</th><th>Method</th><th>Start</th><th>Time (ms)</th></tr></thead><tbody><tr><th colspan="4">Suite</th></tr></tbody><tbody id="t0"><tr><th colspan="4">E2E &#8212; passed</th></tr><tr class="passedeven"><td rowspan="3">naveennarayananacademy.tests.StandAloneTest</td><td><a href="#m0">incorrectLogin</a></td><td rowspan="1">1768881462212</td><td rowspan="1">850</td></tr><tr class="passedeven"><td><a href="#m1">validateProductOnConfirmationPage</a></td><td rowspan="1">1768881459674</td><td rowspan="1">7437</td></tr><tr class="passedeven"><td><a href="#m2">validateProductOnConfirmationPage_with_JSON</a></td><td rowspan="1">1768881462213</td><td rowspan="1">5028</td></tr></tbody>
<tbody id="t1"><tr><th colspan="4">Error Validation &#8212; passed</th></tr><tr class="passedeven"><td rowspan="1">naveennarayananacademy.tests.StandAloneTest</td><td><a href="#m3">validateProductOnConfirmationPage_with_JSON</a></td><td rowspan="1">1768881472677</td><td rowspan="1">4968</td></tr></tbody>
<tbody id="t2"><tr><th colspan="4">Confirmation Page &#8212; retried</th></tr><tr class="retriedeven"><td rowspan="2">naveennarayananacademy.tests.StandAloneTest</td><td><a href="#m4">validateProductOnConfirmationPage</a></td><td rowspan="1">1768881496380</td><td rowspan="1">22325</td></tr><tr class="retriedeven"><td><a href="#m5">validateProductOnConfirmationPage_with_JSON</a></td><td rowspan="1">1768881498124</td><td rowspan="1">23876</td></tr><tr><th colspan="4">Confirmation Page &#8212; passed</th></tr><tr class="passedeven"><td rowspan="3">naveennarayananacademy.tests.StandAloneTest</td><td><a href="#m6">incorrectLogin</a></td><td rowspan="1">1768881496670</td><td rowspan="1">693</td></tr><tr class="passedeven"><td><a href="#m7">validateProductOnConfirmationPage</a></td><td rowspan="1">1768881524561</td><td rowspan="1">4676</td></tr><tr class="passedeven"><td><a href="#m8">validateProductOnConfirmationPage_with_JSON</a></td><td rowspan="1">1768881527882</td><td rowspan="1">4753</td></tr></tbody>
<tbody id="t3"><tr><th colspan="4">E2E_Edge &#8212; passed</th></tr><tr class="passedeven"><td rowspan="3">naveennarayananacademy.tests.StandAloneTest</td><td><a href="#m9">incorrectLogin</a></td><td rowspan="1">1768881538462</td><td rowspan="1">767</td></tr><tr class="passedeven"><td><a href="#m10">validateProductOnConfirmationPage</a></td><td rowspan="1">1768881538459</td><td rowspan="1">4582</td></tr><tr class="passedeven"><td><a href="#m11">validateProductOnConfirmationPage_with_JSON</a></td><td rowspan="1">1768881536225</td><td rowspan="1">6789</td></tr></tbody>
</table>
<h2>E2E</h2><h3 id="m0">naveennarayananacademy.tests.StandAloneTest#incorrectLogin</h3><table class="result"><tr><th class="invisible"/></tr></table><p class="totop"><a href="#summary">back to summary</a></p>
<h3 id="m1">naveennarayananacademy.tests.StandAloneTest#validateProductOnConfirmationPage</h3><table class="result"><tr class="param"><th>Parameter #1</th><th>Parameter #2</th><th>Parameter #3</th><th>Parameter #4</th></tr><tr class="param stripe"><td>twinklekhanna@gmail.com</td><td>Test1234</td><td>ADIDAS ORIGINAL</td><td>Canada</td></tr></table><p class="totop"><a href="#summary">back to summary</a></p>
<h3 id="m2">naveennarayananacademy.tests.StandAloneTest#validateProductOnConfirmationPage_with_JSON</h3><table class="result"><tr class="param"><th>Parameter #1</th></tr><tr class="param stripe"><td>{country=Canada, password=Test1234, prodname=ADIDAS ORIGINAL, username=twinklekhanna@gmail.com}</td></tr></table><p class="totop"><a href="#summary">back to summary</a></p>
<h2>Error Validation</h2><h3 id="m3">naveennarayananacademy.tests.StandAloneTest#validateProductOnConfirmationPage_with_JSON</h3><table class="result"><tr class="param"><th>Parameter #1</th></tr><tr class="param stripe"><td>{country=Canada, password=Test1234, prodname=ADIDAS ORIGINAL, username=twinklekhanna@gmail.com}</td></tr></table><p class="totop"><a href="#summary">back to summary</a></p>
<h2>Confirmation Page</h2><h3 id="m4">naveennarayananacademy.tests.StandAloneTest#validateProductOnConfirmationPage</h3><table class="result"><tr class="param"><th>Parameter #1</th><th>Parameter #2</th><th>Parameter #3</th><th>Parameter #4</th></tr><tr class="param stripe"><td>twinklekhanna@gmail.com</td><td>Test1234</td><td>ADIDAS ORIGINAL</td><td>Canada</td></tr><tr><th colspan="4">Exception</th></tr><tr><td colspan="4"><div class="stacktrace">org.openqa.selenium.TimeoutException: Expected condition failed: waiting for visibility of Proxy element for: DefaultElementLocator &apos;By.xpath: //div[@class=&apos;cartSection&apos;]&apos; (tried for 10 second(s) with 500 milliseconds interval)
	at org.openqa.selenium.support.ui.WebDriverWait.timeoutException(WebDriverWait.java:84)
	at org.openqa.selenium.support.ui.FluentWait.until(FluentWait.java:228)
	at abstractComponents.Abstract_Components.waitForElement(Abstract_Components.java:26)
	at naveennarayananacademy.pageobjectmodel.ProductCartPage.navigateToCart(ProductCartPage.java:66)
	at naveennarayananacademy.tests.StandAloneTest.validateProductOnConfirmationPage(StandAloneTest.java:57)
	at java.base/java.util.concurrent.Executors$RunnableAdapter.call(Executors.java:572)
	at java.base/java.util.concurrent.FutureTask.run(FutureTask.java:317)
	at java.base/java.util.concurrent.ThreadPoolExecutor.runWorker(ThreadPoolExecutor.java:1144)
	at java.base/java.util.concurrent.ThreadPoolExecutor$Worker.run(ThreadPoolExecutor.java:642)
	at java.base/java.lang.Thread.run(Thread.java:1583)
Caused by: org.openqa.selenium.NoSuchElementException: Unable to locate element: //div[@class=&apos;cartSection&apos;]
For documentation on this error, please visit: https://www.selenium.dev/documentation/webdriver/troubleshooting/errors#nosuchelementexception
Build info: version: &apos;4.39.0&apos;, revision: &apos;126f156aee&apos;
System info: os.name: &apos;Mac OS X&apos;, os.arch: &apos;aarch64&apos;, os.version: &apos;26.1&apos;, java.version: &apos;21.0.9&apos;
Driver info: org.openqa.selenium.firefox.FirefoxDriver
Command: [c46c4823-cace-4dbc-b2ce-97e2d619b161, findElement {value=//div[@class=&apos;cartSection&apos;], using=xpath}]
Capabilities {acceptInsecureCerts: true, browserName: firefox, browserVersion: 147.0.1, moz:accessibilityChecks: false, moz:buildID: 20260116091309, moz:geckodriverVersion: 0.36.0, moz:headless: false, moz:platformVersion: 25.1.0, moz:processID: 24851, moz:profile: /var/folders/bh/0xdzph6512b..., moz:shutdownTimeout: 60000, moz:webdriverClick: true, moz:windowless: false, pageLoadStrategy: normal, platformName: mac, proxy: Proxy(), setWindowRect: true, strictFileInteractability: false, timeouts: {implicit: 0, pageLoad: 300000, script: 30000}, unhandledPromptBehavior: dismiss and notify, userAgent: Mozilla/5.0 (Macintosh; Int...}
Session ID: c46c4823-cace-4dbc-b2ce-97e2d619b161
	at org.openqa.selenium.remote.ErrorCodec.decode(ErrorCodec.java:167)
	at org.openqa.selenium.remote.codec.w3c.W3CHttpResponseCodec.decode(W3CHttpResponseCodec.java:142)
	at org.openqa.selenium.remote.codec.w3c.W3CHttpResponseCodec.decode(W3CHttpResponseCodec.java:49)
	at org.openqa.selenium.remote.HttpCommandExecutor.execute(HttpCommandExecutor.java:215)
	at org.openqa.selenium.remote.service.DriverCommandExecutor.invokeExecute(DriverCommandExecutor.java:216)
	at org.openqa.selenium.remote.service.DriverCommandExecutor.execute(DriverCommandExecutor.java:174)
	at org.openqa.selenium.remote.RemoteWebDriver.execute(RemoteWebDriver.java:561)
	at org.openqa.selenium.remote.ElementLocation$ElementFinder$2.findElement(ElementLocation.java:166)
	at org.openqa.selenium.remote.ElementLocation.findElement(ElementLocation.java:60)
	at org.openqa.selenium.remote.RemoteWebDriver.findElement(RemoteWebDriver.java:384)
	at org.openqa.selenium.remote.RemoteWebDriver.findElement(RemoteWebDriver.java:378)
	at org.openqa.selenium.support.pagefactory.DefaultElementLocator.findElement(DefaultElementLocator.java:68)
	at org.openqa.selenium.support.pagefactory.internal.LocatingElementHandler.invoke(LocatingElementHandler.java:38)
	at jdk.proxy2/jdk.proxy2.$Proxy17.isDisplayed(Unknown Source)
	at org.openqa.selenium.support.ui.ExpectedConditions.elementIfVisible(ExpectedConditions.java:308)
	at org.openqa.selenium.support.ui.ExpectedConditions$10.apply(ExpectedConditions.java:294)
	at org.openqa.selenium.support.ui.ExpectedConditions$10.apply(ExpectedConditions.java:291)
	at org.openqa.selenium.support.ui.FluentWait.until(FluentWait.java:203)
	... 19 more
... Removed 14 stack frames</div></td></tr></table><p class="totop"><a href="#summary">back to summary</a></p>
<h3 id="m5">naveennarayananacademy.tests.StandAloneTest#validateProductOnConfirmationPage_with_JSON</h3><table class="result"><tr class="param"><th>Parameter #1</th></tr><tr class="param stripe"><td>{country=Canada, password=Test1234, prodname=ADIDAS ORIGINAL, username=twinklekhanna@gmail.com}</td></tr><tr><th>Exception</th></tr><tr><td><div class="stacktrace">org.openqa.selenium.TimeoutException: Expected condition failed: waiting for visibility of Proxy element for: DefaultElementLocator &apos;By.cssSelector: span[class=&apos;ng-star-inserted&apos;]&apos; (tried for 10 second(s) with 500 milliseconds interval)
	at org.openqa.selenium.support.ui.WebDriverWait.timeoutException(WebDriverWait.java:84)
	at org.openqa.selenium.support.ui.FluentWait.until(FluentWait.java:228)
	at abstractComponents.Abstract_Components.waitForElement(Abstract_Components.java:26)
	at naveennarayananacademy.pageobjectmodel.CheckOutPage.selectCountry(CheckOutPage.java:51)
	at naveennarayananacademy.tests.StandAloneTest.validateProductOnConfirmationPage_with_JSON(StandAloneTest.java:95)
	at java.base/java.util.concurrent.Executors$RunnableAdapter.call(Executors.java:572)
	at java.base/java.util.concurrent.FutureTask.run(FutureTask.java:317)
	at java.base/java.util.concurrent.ThreadPoolExecutor.runWorker(ThreadPoolExecutor.java:1144)
	at java.base/java.util.concurrent.ThreadPoolExecutor$Worker.run(ThreadPoolExecutor.java:642)
	at java.base/java.lang.Thread.run(Thread.java:1583)
Caused by: org.openqa.selenium.NoSuchElementException: Unable to locate element: span[class=&apos;ng-star-inserted&apos;]
For documentation on this error, please visit: https://www.selenium.dev/documentation/webdriver/troubleshooting/errors#nosuchelementexception
Build info: version: &apos;4.39.0&apos;, revision: &apos;126f156aee&apos;
System info: os.name: &apos;Mac OS X&apos;, os.arch: &apos;aarch64&apos;, os.version: &apos;26.1&apos;, java.version: &apos;21.0.9&apos;
Driver info: org.openqa.selenium.firefox.FirefoxDriver
Command: [a812087b-4e2a-44a9-8902-393bd8e2ad32, findElement {value=span[class=&apos;ng-star-inserted&apos;], using=css selector}]
Capabilities {acceptInsecureCerts: true, browserName: firefox, browserVersion: 147.0.1, moz:accessibilityChecks: false, moz:buildID: 20260116091309, moz:geckodriverVersion: 0.36.0, moz:headless: false, moz:platformVersion: 25.1.0, moz:processID: 24850, moz:profile: /var/folders/bh/0xdzph6512b..., moz:shutdownTimeout: 60000, moz:webdriverClick: true, moz:windowless: false, pageLoadStrategy: normal, platformName: mac, proxy: Proxy(), setWindowRect: true, strictFileInteractability: false, timeouts: {implicit: 0, pageLoad: 300000, script: 30000}, unhandledPromptBehavior: dismiss and notify, userAgent: Mozilla/5.0 (Macintosh; Int...}
Session ID: a812087b-4e2a-44a9-8902-393bd8e2ad32
	at org.openqa.selenium.remote.ErrorCodec.decode(ErrorCodec.java:167)
	at org.openqa.selenium.remote.codec.w3c.W3CHttpResponseCodec.decode(W3CHttpResponseCodec.java:142)
	at org.openqa.selenium.remote.codec.w3c.W3CHttpResponseCodec.decode(W3CHttpResponseCodec.java:49)
	at org.openqa.selenium.remote.HttpCommandExecutor.execute(HttpCommandExecutor.java:215)
	at org.openqa.selenium.remote.service.DriverCommandExecutor.invokeExecute(DriverCommandExecutor.java:216)
	at org.openqa.selenium.remote.service.DriverCommandExecutor.execute(DriverCommandExecutor.java:174)
	at org.openqa.selenium.remote.RemoteWebDriver.execute(RemoteWebDriver.java:561)
	at org.openqa.selenium.remote.ElementLocation$ElementFinder$2.findElement(ElementLocation.java:166)
	at org.openqa.selenium.remote.ElementLocation.findElement(ElementLocation.java:60)
	at org.openqa.selenium.remote.RemoteWebDriver.findElement(RemoteWebDriver.java:384)
	at org.openqa.selenium.remote.RemoteWebDriver.findElement(RemoteWebDriver.java:378)
	at org.openqa.selenium.support.pagefactory.DefaultElementLocator.findElement(DefaultElementLocator.java:68)
	at org.openqa.selenium.support.pagefactory.internal.LocatingElementHandler.invoke(LocatingElementHandler.java:38)
	at jdk.proxy2/jdk.proxy2.$Proxy17.isDisplayed(Unknown Source)
	at org.openqa.selenium.support.ui.ExpectedConditions.elementIfVisible(ExpectedConditions.java:308)
	at org.openqa.selenium.support.ui.ExpectedConditions$10.apply(ExpectedConditions.java:294)
	at org.openqa.selenium.support.ui.ExpectedConditions$10.apply(ExpectedConditions.java:291)
	at org.openqa.selenium.support.ui.FluentWait.until(FluentWait.java:203)
	... 19 more
... Removed 14 stack frames</div></td></tr></table><p class="totop"><a href="#summary">back to summary</a></p>
<h3 id="m6">naveennarayananacademy.tests.StandAloneTest#incorrectLogin</h3><table class="result"><tr><th class="invisible"/></tr></table><p class="totop"><a href="#summary">back to summary</a></p>
<h3 id="m7">naveennarayananacademy.tests.StandAloneTest#validateProductOnConfirmationPage</h3><table class="result"><tr class="param"><th>Parameter #1</th><th>Parameter #2</th><th>Parameter #3</th><th>Parameter #4</th></tr><tr class="param stripe"><td>twinklekhanna@gmail.com</td><td>Test1234</td><td>ADIDAS ORIGINAL</td><td>Canada</td></tr></table><p class="totop"><a href="#summary">back to summary</a></p>
<h3 id="m8">naveennarayananacademy.tests.StandAloneTest#validateProductOnConfirmationPage_with_JSON</h3><table class="result"><tr class="param"><th>Parameter #1</th></tr><tr class="param stripe"><td>{country=Canada, password=Test1234, prodname=ADIDAS ORIGINAL, username=twinklekhanna@gmail.com}</td></tr></table><p class="totop"><a href="#summary">back to summary</a></p>
<h2>E2E_Edge</h2><h3 id="m9">naveennarayananacademy.tests.StandAloneTest#incorrectLogin</h3><table class="result"><tr><th class="invisible"/></tr></table><p class="totop"><a href="#summary">back to summary</a></p>
<h3 id="m10">naveennarayananacademy.tests.StandAloneTest#validateProductOnConfirmationPage</h3><table class="result"><tr class="param"><th>Parameter #1</th><th>Parameter #2</th><th>Parameter #3</th><th>Parameter #4</th></tr><tr class="param stripe"><td>twinklekhanna@gmail.com</td><td>Test1234</td><td>ADIDAS ORIGINAL</td><td>Canada</td></tr></table><p class="totop"><a href="#summary">back to summary</a></p>
<h3 id="m11">naveennarayananacademy.tests.StandAloneTest#validateProductOnConfirmationPage_with_JSON</h3><table class="result"><tr class="param"><th>Parameter #1</th></tr><tr class="param stripe"><td>{country=Canada, password=Test1234, prodname=ADIDAS ORIGINAL, username=twinklekhanna@gmail.com}</td></tr></table><p class="totop"><a href="#summary">back to summary</a></p>
</body>
</html>
