<?xml version="1.0" encoding="UTF-8"?>
<testng-results ignored="5" total="6" passed="1" failed="0" skipped="0">
  <reporter-output>
  </reporter-output>
  <suite started-at="2026-03-10T17:04:51 MDT" name="Default suite" finished-at="2026-03-10T17:05:00 MDT" duration-ms="9149">
    <groups>
      <group name="E2E">
        <method signature="StandAloneTest.validateProductOnConfirmationPage_with_JSON_Regression(java.util.HashMap)[pri:0, instance:naveennarayananacademy.tests.StandAloneTest@7d20d0b]" name="validateProductOnConfirmationPage_with_JSON_Regression" class="naveennarayananacademy.tests.StandAloneTest"/>
      </group> <!-- E2E -->
    </groups>
    <test started-at="2026-03-10T17:04:51 MDT" name="Default test" finished-at="2026-03-10T17:05:00 MDT" duration-ms="9149">
      <class name="naveennarayananacademy.tests.StandAloneTest">
        <test-method is-config="true" signature="launchApplication(java.lang.String)[pri:0, instance:naveennarayananacademy.tests.StandAloneTest@7d20d0b]" started-at="2026-03-10T17:04:51 MDT" name="launchApplication" finished-at="2026-03-10T17:04:59 MDT" duration-ms="8432" status="PASS">
          <params>
            <param index="0">
              <value>
                <![CDATA[chrome]]>
              </value>
            </param>
          </params>
          <reporter-output>
          </reporter-output>
        </test-method> <!-- launchApplication -->
        <test-method signature="validateProductOnConfirmationPage_with_JSON_Regression(java.util.HashMap)[pri:0, instance:naveennarayananacademy.tests.StandAloneTest@7d20d0b]" started-at="2026-03-10T17:04:59 MDT" name="validateProductOnConfirmationPage_with_JSON_Regression" data-provider="loginData" finished-at="2026-03-10T17:05:00 MDT" duration-ms="462" status="PASS">
          <params>
            <param index="0">
              <value>
                <![CDATA[{country=Canada, password=Test1234, prodname=ADIDAS ORIGINAL, username=twinklekhanna@gmail.com}]]>
              </value>
            </param>
          </params>
          <reporter-output>
          </reporter-output>
        </test-method> <!-- validateProductOnConfirmationPage_with_JSON_Regression -->
        <test-method is-config="true" signature="quitDriver()[pri:0, instance:naveennarayananacademy.tests.StandAloneTest@7d20d0b]" started-at="2026-03-10T17:05:00 MDT" name="quitDriver" finished-at="2026-03-10T17:05:00 MDT" duration-ms="132" status="PASS">
          <reporter-output>
          </reporter-output>
        </test-method> <!-- quitDriver -->
      </class> <!-- naveennarayananacademy.tests.StandAloneTest -->
    </test> <!-- Default test -->
  </suite> <!-- Default suite -->
</testng-results>
