<?xml version="1.0" encoding="UTF-8"?>
<testng-results ignored="4" total="6" passed="2" failed="0" skipped="0">
  <reporter-output>
  </reporter-output>
  <suite started-at="2026-01-30T15:16:45 MST" name="Default suite" finished-at="2026-01-30T15:17:03 MST" duration-ms="18083">
    <groups>
      <group name="Registration">
        <method signature="StandAloneTest.completeRegistration(java.lang.String,java.lang.String,java.lang.String,java.lang.String,java.lang.String,java.lang.String,java.lang.String,java.lang.String)[pri:0, instance:naveennarayananacademy.tests.StandAloneTest@24313fcc]" name="completeRegistration" class="naveennarayananacademy.tests.StandAloneTest"/>
      </group> <!-- Registration -->
    </groups>
    <test started-at="2026-01-30T15:16:45 MST" name="Default test" finished-at="2026-01-30T15:17:03 MST" duration-ms="18083">
      <class name="naveennarayananacademy.tests.StandAloneTest">
        <test-method is-config="true" signature="launchApplication(java.lang.String)[pri:0, instance:naveennarayananacademy.tests.StandAloneTest@24313fcc]" started-at="2026-01-30T15:16:45 MST" name="launchApplication" finished-at="2026-01-30T15:16:53 MST" duration-ms="7836" status="PASS">
          <params>
            <param index="0">
              <value>
                <![CDATA[chrome]]>
              </value>
            </param>
          </params>
          <reporter-output>
          </reporter-output>
        </test-method> <!-- launchApplication -->
        <test-method signature="completeRegistration(java.lang.String,java.lang.String,java.lang.String,java.lang.String,java.lang.String,java.lang.String,java.lang.String,java.lang.String)[pri:0, instance:naveennarayananacademy.tests.StandAloneTest@24313fcc]" started-at="2026-01-30T15:16:53 MST" name="completeRegistration" data-provider="registrationData" finished-at="2026-01-30T15:16:56 MST" duration-ms="2930" status="PASS">
          <params>
            <param index="0">
              <value>
                <![CDATA[Twinkle]]>
              </value>
            </param>
            <param index="1">
              <value>
                <![CDATA[Khanna]]>
              </value>
            </param>
            <param index="2">
              <value>
                <![CDATA[twinklekhanna+reg_63ec1ba2@gmail.com]]>
              </value>
            </param>
            <param index="3">
              <value>
                <![CDATA[9876543210]]>
              </value>
            </param>
            <param index="4">
              <value>
                <![CDATA[Doctor]]>
              </value>
            </param>
            <param index="5">
              <value>
                <![CDATA[Female]]>
              </value>
            </param>
            <param index="6">
              <value>
                <![CDATA[Test@1234]]>
              </value>
            </param>
            <param index="7">
              <value>
                <![CDATA[Test@1234]]>
              </value>
            </param>
          </params>
          <reporter-output>
          </reporter-output>
        </test-method> <!-- completeRegistration -->
        <test-method is-config="true" signature="quitDriver()[pri:0, instance:naveennarayananacademy.tests.StandAloneTest@24313fcc]" started-at="2026-01-30T15:16:56 MST" name="quitDriver" finished-at="2026-01-30T15:16:56 MST" duration-ms="102" status="PASS">
          <reporter-output>
          </reporter-output>
        </test-method> <!-- quitDriver -->
        <test-method is-config="true" signature="launchApplication(java.lang.String)[pri:0, instance:naveennarayananacademy.tests.StandAloneTest@24313fcc]" started-at="2026-01-30T15:16:56 MST" name="launchApplication" finished-at="2026-01-30T15:16:59 MST" duration-ms="2705" status="PASS">
          <params>
            <param index="0">
              <value>
                <![CDATA[chrome]]>
              </value>
            </param>
          </params>
          <reporter-output>
          </reporter-output>
        </test-method> <!-- launchApplication -->
        <test-method signature="completeRegistration(java.lang.String,java.lang.String,java.lang.String,java.lang.String,java.lang.String,java.lang.String,java.lang.String,java.lang.String)[pri:0, instance:naveennarayananacademy.tests.StandAloneTest@24313fcc]" started-at="2026-01-30T15:16:59 MST" name="completeRegistration" data-provider="registrationData" finished-at="2026-01-30T15:17:03 MST" duration-ms="4383" status="PASS">
          <params>
            <param index="0">
              <value>
                <![CDATA[Dimple]]>
              </value>
            </param>
            <param index="1">
              <value>
                <![CDATA[Kapadia]]>
              </value>
            </param>
            <param index="2">
              <value>
                <![CDATA[dimplekapadia+reg_18bc08a1@gmail.com]]>
              </value>
            </param>
            <param index="3">
              <value>
                <![CDATA[9123456780]]>
              </value>
            </param>
            <param index="4">
              <value>
                <![CDATA[Engineer]]>
              </value>
            </param>
            <param index="5">
              <value>
                <![CDATA[Male]]>
              </value>
            </param>
            <param index="6">
              <value>
                <![CDATA[Test@5678]]>
              </value>
            </param>
            <param index="7">
              <value>
                <![CDATA[Test@5678]]>
              </value>
            </param>
          </params>
          <reporter-output>
          </reporter-output>
        </test-method> <!-- completeRegistration -->
        <test-method is-config="true" signature="quitDriver()[pri:0, instance:naveennarayananacademy.tests.StandAloneTest@24313fcc]" started-at="2026-01-30T15:17:03 MST" name="quitDriver" finished-at="2026-01-30T15:17:03 MST" duration-ms="95" status="PASS">
          <reporter-output>
          </reporter-output>
        </test-method> <!-- quitDriver -->
      </class> <!-- naveennarayananacademy.tests.StandAloneTest -->
    </test> <!-- Default test -->
  </suite> <!-- Default suite -->
</testng-results>
