<?xml version="1.0" encoding="UTF-8"?>
<!-- Generated by org.testng.reporters.JUnitReportReporter -->
<testsuite hostname="Naveens-MacBook-Air.local" failures="0" tests="1" name="naveennarayananacademy.tests.StandAloneTest" time="9.026" errors="0" timestamp="2026-03-10T17:05:00 MDT" skipped="0">
  <testcase classname="naveennarayananacademy.tests.StandAloneTest" name="validateProductOnConfirmationPage_with_JSON_Regression" time="9.026"/>
</testsuite> <!-- naveennarayananacademy.tests.StandAloneTest -->
