<?xml version="1.0" encoding="UTF-8"?>
<!-- Generated by org.testng.reporters.JUnitReportReporter -->
<testsuite hostname="Naveens-MacBook-Air.local" failures="1" tests="2" name="cucumberTests.TestNG_TestRunner" time="16.480" errors="0" timestamp="2026-01-12T19:42:33 MST" skipped="0">
  <testcase classname="cucumberTests.TestNG_TestRunner" name="runScenario" time="6.961">
    <failure message="null" type="java.lang.AssertionError">
      <![CDATA[java.lang.AssertionError: null
at org.testng.Assert.fail(Assert.java:111)
at org.testng.Assert.fail(Assert.java:116)
at naveennarayananacademy.stepdefinitions.StepDefinitionImplementations.incorrect_login_error_message_is_displayed(StepDefinitionImplementations.java:60)
at âœ½.incorrect login error message is displayed(file:///Users/naveennarayanan99/eclipse-workspace/SeleniumMavenProject/src/test/java/cucumberTests/ErrorValidation.feature:9)
]]>
    </failure>
  </testcase> <!-- runScenario -->
  <testcase classname="cucumberTests.TestNG_TestRunner" name="runScenario" time="9.519"/>
</testsuite> <!-- cucumberTests.TestNG_TestRunner -->
