<?xml version="1.0" encoding="UTF-8"?>
<!-- Generated by org.testng.reporters.JUnitReportReporter -->
<testsuite hostname="Naveens-MacBook-Air.local" failures="0" tests="12" name="naveennarayananacademy.tests.StandAloneTest" time="172.826" errors="0" timestamp="2026-01-19T20:59:03 MST" skipped="2">
  <testcase classname="naveennarayananacademy.tests.StandAloneTest" name="incorrectLogin" time="6.218"/>
  <testcase classname="naveennarayananacademy.tests.StandAloneTest" name="validateProductOnConfirmationPage_with_JSON" time="20.377"/>
  <testcase classname="naveennarayananacademy.tests.StandAloneTest" name="validateProductOnConfirmationPage_with_JSON" time="10.606"/>
  <testcase classname="naveennarayananacademy.tests.StandAloneTest" name="validateProductOnConfirmationPage_with_JSON" time="11.203"/>
  <testcase classname="naveennarayananacademy.tests.StandAloneTest" name="validateProductOnConfirmationPage" time="33.203">
    <skipped/>
  </testcase> <!-- validateProductOnConfirmationPage -->
  <testcase classname="naveennarayananacademy.tests.StandAloneTest" name="validateProductOnConfirmationPage_with_JSON" time="29.705">
    <skipped/>
  </testcase> <!-- validateProductOnConfirmationPage_with_JSON -->
  <testcase classname="naveennarayananacademy.tests.StandAloneTest" name="incorrectLogin" time="9.858"/>
  <testcase classname="naveennarayananacademy.tests.StandAloneTest" name="validateProductOnConfirmationPage" time="13.521"/>
  <testcase classname="naveennarayananacademy.tests.StandAloneTest" name="validateProductOnConfirmationPage" time="13.613"/>
  <testcase classname="naveennarayananacademy.tests.StandAloneTest" name="validateProductOnConfirmationPage_with_JSON" time="10.002"/>
  <testcase classname="naveennarayananacademy.tests.StandAloneTest" name="validateProductOnConfirmationPage" time="10.037"/>
  <testcase classname="naveennarayananacademy.tests.StandAloneTest" name="incorrectLogin" time="4.483"/>
</testsuite> <!-- naveennarayananacademy.tests.StandAloneTest -->
